# JRE version: OpenJDK Runtime Environment (8.0_242-b01) (build 1.8.0_242-release-1644-b01)
# Java VM: OpenJDK 64-Bit Server VM (25.242-b01 mixed mode windows-amd64 compressed oops)
Heap:
 PSYoungGen      total 353792K, used 89609K [0x00000000d5580000, 0x00000000eca80000, 0x0000000100000000)
  eden space 333312K, 26% used [0x00000000d5580000,0x00000000dad02700,0x00000000e9b00000)
  from space 20480K, 0% used [0x00000000eb180000,0x00000000eb180000,0x00000000ec580000)
  to   space 23040K, 0% used [0x00000000e9b00000,0x00000000e9b00000,0x00000000eb180000)
 ParOldGen       total 206336K, used 33994K [0x0000000080000000, 0x000000008c980000, 0x00000000d5580000)
  object space 206336K, 16% used [0x0000000080000000,0x0000000082132980,0x000000008c980000)
 Metaspace       used 61034K, capacity 63376K, committed 63640K, reserved 1103872K
  class space    used 8311K, capacity 8826K, committed 8880K, reserved 1048576K
GC Heap History (10 events):
Event: 2.440 GC heap before
{Heap before GC invocations=7 (full 1):
 PSYoungGen      total 141824K, used 54579K [0x00000000d5580000, 0x00000000e4a80000, 0x0000000100000000)
  eden space 131072K, 33% used [0x00000000d5580000,0x00000000d8053568,0x00000000dd580000)
  from space 10752K, 99% used [0x00000000dd580000,0x00000000ddff96f0,0x00000000de000000)
  to   space 15360K, 0% used [0x00000000e3b80000,0x00000000e3b80000,0x00000000e4a80000)
 ParOldGen       total 93184K, used 9724K [0x0000000080000000, 0x0000000085b00000, 0x00000000d5580000)
  object space 93184K, 10% used [0x0000000080000000,0x000000008097f1e0,0x0000000085b00000)
 Metaspace       used 34452K, capacity 35400K, committed 35496K, reserved 1079296K
  class space    used 4692K, capacity 4945K, committed 5040K, reserved 1048576K
Event: 2.445 GC heap after
Heap after GC invocations=7 (full 1):
 PSYoungGen      total 233472K, used 9959K [0x00000000d5580000, 0x00000000e4900000, 0x0000000100000000)
  eden space 219648K, 0% used [0x00000000d5580000,0x00000000d5580000,0x00000000e2c00000)
  from space 13824K, 72% used [0x00000000e3b80000,0x00000000e4539c78,0x00000000e4900000)
  to   space 14848K, 0% used [0x00000000e2c00000,0x00000000e2c00000,0x00000000e3a80000)
 ParOldGen       total 93184K, used 9732K [0x0000000080000000, 0x0000000085b00000, 0x00000000d5580000)
  object space 93184K, 10% used [0x0000000080000000,0x00000000809811e0,0x0000000085b00000)
 Metaspace       used 34452K, capacity 35400K, committed 35496K, reserved 1079296K
  class space    used 4692K, capacity 4945K, committed 5040K, reserved 1048576K
}
Event: 2.445 GC heap before
{Heap before GC invocations=8 (full 2):
 PSYoungGen      total 233472K, used 9959K [0x00000000d5580000, 0x00000000e4900000, 0x0000000100000000)
  eden space 219648K, 0% used [0x00000000d5580000,0x00000000d5580000,0x00000000e2c00000)
  from space 13824K, 72% used [0x00000000e3b80000,0x00000000e4539c78,0x00000000e4900000)
  to   space 14848K, 0% used [0x00000000e2c00000,0x00000000e2c00000,0x00000000e3a80000)
 ParOldGen       total 93184K, used 9732K [0x0000000080000000, 0x0000000085b00000, 0x00000000d5580000)
  object space 93184K, 10% used [0x0000000080000000,0x00000000809811e0,0x0000000085b00000)
 Metaspace       used 34452K, capacity 35400K, committed 35496K, reserved 1079296K
  class space    used 4692K, capacity 4945K, committed 5040K, reserved 1048576K
Event: 2.475 GC heap after
Heap after GC invocations=8 (full 2):
 PSYoungGen      total 233472K, used 0K [0x00000000d5580000, 0x00000000e4900000, 0x0000000100000000)
  eden space 219648K, 0% used [0x00000000d5580000,0x00000000d5580000,0x00000000e2c00000)
  from space 13824K, 0% used [0x00000000e3b80000,0x00000000e3b80000,0x00000000e4900000)
  to   space 14848K, 0% used [0x00000000e2c00000,0x00000000e2c00000,0x00000000e3a80000)
 ParOldGen       total 140800K, used 16653K [0x0000000080000000, 0x0000000088980000, 0x00000000d5580000)
  object space 140800K, 11% used [0x0000000080000000,0x00000000810437c8,0x0000000088980000)
 Metaspace       used 34452K, capacity 35400K, committed 35496K, reserved 1079296K
  class space    used 4692K, capacity 4945K, committed 5040K, reserved 1048576K
}
Event: 3.868 GC heap before
{Heap before GC invocations=9 (full 2):
 PSYoungGen      total 233472K, used 219648K [0x00000000d5580000, 0x00000000e4900000, 0x0000000100000000)
  eden space 219648K, 100% used [0x00000000d5580000,0x00000000e2c00000,0x00000000e2c00000)
  from space 13824K, 0% used [0x00000000e3b80000,0x00000000e3b80000,0x00000000e4900000)
  to   space 14848K, 0% used [0x00000000e2c00000,0x00000000e2c00000,0x00000000e3a80000)
 ParOldGen       total 140800K, used 16653K [0x0000000080000000, 0x0000000088980000, 0x00000000d5580000)
  object space 140800K, 11% used [0x0000000080000000,0x00000000810437c8,0x0000000088980000)
 Metaspace       used 51495K, capacity 53498K, committed 53672K, reserved 1095680K
  class space    used 6886K, capacity 7322K, committed 7344K, reserved 1048576K
Event: 3.885 GC heap after
Heap after GC invocations=9 (full 2):
 PSYoungGen      total 234496K, used 14825K [0x00000000d5580000, 0x00000000ec580000, 0x0000000100000000)
  eden space 219648K, 0% used [0x00000000d5580000,0x00000000d5580000,0x00000000e2c00000)
  from space 14848K, 99% used [0x00000000e2c00000,0x00000000e3a7a630,0x00000000e3a80000)
  to   space 20480K, 0% used [0x00000000eb180000,0x00000000eb180000,0x00000000ec580000)
 ParOldGen       total 140800K, used 24468K [0x0000000080000000, 0x0000000088980000, 0x00000000d5580000)
  object space 140800K, 17% used [0x0000000080000000,0x00000000817e52d0,0x0000000088980000)
 Metaspace       used 51495K, capacity 53498K, committed 53672K, reserved 1095680K
  class space    used 6886K, capacity 7322K, committed 7344K, reserved 1048576K
}
Event: 4.331 GC heap before
{Heap before GC invocations=10 (full 2):
 PSYoungGen      total 234496K, used 94045K [0x00000000d5580000, 0x00000000ec580000, 0x0000000100000000)
  eden space 219648K, 36% used [0x00000000d5580000,0x00000000da2dcec8,0x00000000e2c00000)
  from space 14848K, 99% used [0x00000000e2c00000,0x00000000e3a7a630,0x00000000e3a80000)
  to   space 20480K, 0% used [0x00000000eb180000,0x00000000eb180000,0x00000000ec580000)
 ParOldGen       total 140800K, used 24468K [0x0000000080000000, 0x0000000088980000, 0x00000000d5580000)
  object space 140800K, 17% used [0x0000000080000000,0x00000000817e52d0,0x0000000088980000)
 Metaspace       used 56822K, capacity 59090K, committed 59160K, reserved 1099776K
  class space    used 7709K, capacity 8201K, committed 8240K, reserved 1048576K
Event: 4.342 GC heap after
Heap after GC invocations=10 (full 2):
 PSYoungGen      total 353792K, used 19903K [0x00000000d5580000, 0x00000000eca80000, 0x0000000100000000)
  eden space 333312K, 0% used [0x00000000d5580000,0x00000000d5580000,0x00000000e9b00000)
  from space 20480K, 97% used [0x00000000eb180000,0x00000000ec4efdb0,0x00000000ec580000)
  to   space 23040K, 0% used [0x00000000e9b00000,0x00000000e9b00000,0x00000000eb180000)
 ParOldGen       total 140800K, used 24476K [0x0000000080000000, 0x0000000088980000, 0x00000000d5580000)
  object space 140800K, 17% used [0x0000000080000000,0x00000000817e72d0,0x0000000088980000)
 Metaspace       used 56822K, capacity 59090K, committed 59160K, reserved 1099776K
  class space    used 7709K, capacity 8201K, committed 8240K, reserved 1048576K
}
Event: 4.342 GC heap before
{Heap before GC invocations=11 (full 3):
 PSYoungGen      total 353792K, used 19903K [0x00000000d5580000, 0x00000000eca80000, 0x0000000100000000)
  eden space 333312K, 0% used [0x00000000d5580000,0x00000000d5580000,0x00000000e9b00000)
  from space 20480K, 97% used [0x00000000eb180000,0x00000000ec4efdb0,0x00000000ec580000)
  to   space 23040K, 0% used [0x00000000e9b00000,0x00000000e9b00000,0x00000000eb180000)
 ParOldGen       total 140800K, used 24476K [0x0000000080000000, 0x0000000088980000, 0x00000000d5580000)
  object space 140800K, 17% used [0x0000000080000000,0x00000000817e72d0,0x0000000088980000)
 Metaspace       used 56822K, capacity 59090K, committed 59160K, reserved 1099776K
  class space    used 7709K, capacity 8201K, committed 8240K, reserved 1048576K
Event: 4.482 GC heap after
Heap after GC invocations=11 (full 3):
 PSYoungGen      total 353792K, used 0K [0x00000000d5580000, 0x00000000eca80000, 0x0000000100000000)
  eden space 333312K, 0% used [0x00000000d5580000,0x00000000d5580000,0x00000000e9b00000)
  from space 20480K, 0% used [0x00000000eb180000,0x00000000eb180000,0x00000000ec580000)
  to   space 23040K, 0% used [0x00000000e9b00000,0x00000000e9b00000,0x00000000eb180000)
 ParOldGen       total 206336K, used 33994K [0x0000000080000000, 0x000000008c980000, 0x00000000d5580000)
  object space 206336K, 16% used [0x0000000080000000,0x0000000082132980,0x000000008c980000)
 Metaspace       used 56767K, capacity 58904K, committed 59160K, reserved 1099776K
  class space    used 7692K, capacity 8170K, committed 8240K, reserved 1048576K
}

